[0.000][INFO]:      ChromeDriver 26.0.1383.0 /usr/bin/chromedriver
[0.210][FINE]:      Initializing session with capabilities {
   "browserName": "chrome",
   "chrome.detach": true,
   "chromeOptions": {
      "detach": true
   },
   "cssSelectorsEnabled": true,
   "javascriptEnabled": true,
   "nativeEvents": false,
   "platform": "ANY",
   "rotatable": false,
   "takesScreenshot": false,
   "version": ""
}

[0.232][INFO]:      Using named testing interface
[2.463][INFO]:      Connected to Chrome successfully. Version: 26.0.1410.43
[2.861][FINE]:      Command received (/session/699ec55dcd157c0368c4492a55b055d9)
[2.861][FINE]:      Command finished (/session/699ec55dcd157c0368c4492a55b055d9) with response {
   "sessionId": "699ec55dcd157c0368c4492a55b055d9",
   "status": 0,
   "value": {
      "acceptSslCerts": false,
      "applicationCacheEnabled": false,
      "browserConnectionEnabled": false,
      "browserName": "chrome",
      "chrome.chromedriverVersion": "26.0.1383.0",
      "cssSelectorsEnabled": true,
      "databaseEnabled": false,
      "handlesAlerts": true,
      "javascriptEnabled": true,
      "locationContextEnabled": false,
      "nativeEvents": true,
      "platform": "mac",
      "rotatable": false,
      "takesScreenshot": true,
      "version": "26.0.1410.43",
      "webStorageEnabled": true
   }
}

[2.862][FINE]:      Command received (/session/699ec55dcd157c0368c4492a55b055d9/url) with params {
   "url": "http://127.0.0.1:49810/"
}

[2.862][FINER]:     Waiting for all views to stop loading...
[2.862][FINER]:     Done waiting for all views to stop loading
[6.639][FINER]:     Waiting for all views to stop loading...
[6.639][FINER]:     Done waiting for all views to stop loading
[6.639][FINE]:      Command finished (/session/699ec55dcd157c0368c4492a55b055d9/url) with response {
   "sessionId": "699ec55dcd157c0368c4492a55b055d9",
   "status": 0,
   "value": {

   }
}

[6.689][FINE]:      Command received (/session/699ec55dcd157c0368c4492a55b055d9/elements) with params {
   "using": "xpath",
   "value": ".//*[contains(concat(' ', normalize-space(@class), ' '), ' navbar-inner ')]"
}

[6.689][FINER]:     Waiting for all views to stop loading...
[6.698][FINER]:     Done waiting for all views to stop loading
[6.786][FINER]:     Waiting for all views to stop loading...
[6.787][FINER]:     Done waiting for all views to stop loading
[6.787][FINE]:      Command finished (/session/699ec55dcd157c0368c4492a55b055d9/elements) with response {
   "sessionId": "699ec55dcd157c0368c4492a55b055d9",
   "status": 0,
   "value": [ {
      "ELEMENT": ":wdc:1365376681234"
   } ]
}

[6.814][FINE]:      Command received (/session/699ec55dcd157c0368c4492a55b055d9/element/:wdc:1365376681234/elements) with params {
   "using": "xpath",
   "value": ".//a[./@href][(((./@id = 'My Documents' or contains(normalize-space(string(.)), 'My Documents')) ..."
}

[6.814][FINER]:     Waiting for all views to stop loading...
[6.814][FINER]:     Done waiting for all views to stop loading
[6.830][FINER]:     Waiting for all views to stop loading...
[6.830][FINER]:     Done waiting for all views to stop loading
[6.830][FINE]:      Command finished (/session/699ec55dcd157c0368c4492a55b055d9/element/:wdc:1365376681234/elements) with response {
   "sessionId": "699ec55dcd157c0368c4492a55b055d9",
   "status": 0,
   "value": [ {
      "ELEMENT": ":wdc:1365376681235"
   } ]
}

[6.831][FINE]:      Command received (/session/699ec55dcd157c0368c4492a55b055d9/element/:wdc:1365376681235/click) with params {

}

[6.831][FINER]:     Waiting for all views to stop loading...
[6.832][FINER]:     Done waiting for all views to stop loading
[6.973][FINER]:     Waiting for all views to stop loading...
[6.974][FINER]:     Done waiting for all views to stop loading
[6.974][FINE]:      Command finished (/session/699ec55dcd157c0368c4492a55b055d9/element/:wdc:1365376681235/click) with response {
   "sessionId": "699ec55dcd157c0368c4492a55b055d9",
   "status": 0,
   "value": {

   }
}

[7.002][FINE]:      Command received (/session/699ec55dcd157c0368c4492a55b055d9/elements) with params {
   "using": "xpath",
   "value": "/html"
}

[7.002][FINER]:     Waiting for all views to stop loading...
[7.003][FINER]:     Done waiting for all views to stop loading
[7.019][FINER]:     Waiting for all views to stop loading...
[7.019][FINER]:     Done waiting for all views to stop loading
[7.019][FINE]:      Command finished (/session/699ec55dcd157c0368c4492a55b055d9/elements) with response {
   "sessionId": "699ec55dcd157c0368c4492a55b055d9",
   "status": 0,
   "value": [ {
      "ELEMENT": ":wdc:1365376681236"
   } ]
}

[7.048][FINE]:      Command received (/session/699ec55dcd157c0368c4492a55b055d9/element/:wdc:1365376681236/text)
[7.048][FINER]:     Waiting for all views to stop loading...
[7.048][FINER]:     Done waiting for all views to stop loading
[7.109][FINER]:     Waiting for all views to stop loading...
[7.109][FINER]:     Done waiting for all views to stop loading
[7.110][FINE]:      Command finished (/session/699ec55dcd157c0368c4492a55b055d9/element/:wdc:1365376681236/text) with response {
   "sessionId": "699ec55dcd157c0368c4492a55b055d9",
   "status": 0,
   "value": "zapp.ly\nzvkemp@gmail.com\nMy Documents\nsign out\nMy Documents\nDrag your application documents to th..."
}

[7.111][FINE]:      Command received (/session/699ec55dcd157c0368c4492a55b055d9/cookie)
[7.111][FINER]:     Waiting for all views to stop loading...
[7.111][FINER]:     Done waiting for all views to stop loading
[7.114][FINER]:     Waiting for all views to stop loading...
[7.114][FINER]:     Done waiting for all views to stop loading
[7.114][FINE]:      Command finished (/session/699ec55dcd157c0368c4492a55b055d9/cookie) with response {
   "sessionId": "699ec55dcd157c0368c4492a55b055d9",
   "status": 0,
   "value": {

   }
}

[7.115][FINE]:      Command received (/session/699ec55dcd157c0368c4492a55b055d9/url) with params {
   "url": "about:blank"
}

[7.115][FINER]:     Waiting for all views to stop loading...
[7.116][FINER]:     Done waiting for all views to stop loading
[7.322][FINER]:     Waiting for all views to stop loading...
[7.340][FINER]:     Done waiting for all views to stop loading
[7.340][FINE]:      Command finished (/session/699ec55dcd157c0368c4492a55b055d9/url) with response {
   "sessionId": "699ec55dcd157c0368c4492a55b055d9",
   "status": 0,
   "value": {

   }
}

[7.352][FINE]:      Command received (/session/699ec55dcd157c0368c4492a55b055d9/url) with params {
   "url": "http://127.0.0.1:49810/"
}

[7.352][FINER]:     Waiting for all views to stop loading...
[7.353][FINER]:     Done waiting for all views to stop loading
[7.817][FINER]:     Waiting for all views to stop loading...
[7.817][FINER]:     Done waiting for all views to stop loading
[7.817][FINE]:      Command finished (/session/699ec55dcd157c0368c4492a55b055d9/url) with response {
   "sessionId": "699ec55dcd157c0368c4492a55b055d9",
   "status": 0,
   "value": {

   }
}

[7.818][FINE]:      Command received (/session/699ec55dcd157c0368c4492a55b055d9/elements) with params {
   "using": "xpath",
   "value": ".//*[contains(concat(' ', normalize-space(@class), ' '), ' navbar-inner ')]"
}

[7.819][FINER]:     Waiting for all views to stop loading...
[7.819][FINER]:     Done waiting for all views to stop loading
[7.859][FINER]:     Waiting for all views to stop loading...
[7.860][FINER]:     Done waiting for all views to stop loading
[7.860][FINE]:      Command finished (/session/699ec55dcd157c0368c4492a55b055d9/elements) with response {
   "sessionId": "699ec55dcd157c0368c4492a55b055d9",
   "status": 0,
   "value": [ {
      "ELEMENT": ":wdc:1365376682308"
   } ]
}

[7.861][FINE]:      Command received (/session/699ec55dcd157c0368c4492a55b055d9/element/:wdc:1365376682308/elements) with params {
   "using": "xpath",
   "value": ".//a[./@href][(((./@id = 'My Documents' or contains(normalize-space(string(.)), 'My Documents')) ..."
}

[7.861][FINER]:     Waiting for all views to stop loading...
[7.861][FINER]:     Done waiting for all views to stop loading
[7.880][FINER]:     Waiting for all views to stop loading...
[7.880][FINER]:     Done waiting for all views to stop loading
[7.880][FINE]:      Command finished (/session/699ec55dcd157c0368c4492a55b055d9/element/:wdc:1365376682308/elements) with response {
   "sessionId": "699ec55dcd157c0368c4492a55b055d9",
   "status": 0,
   "value": [ {
      "ELEMENT": ":wdc:1365376682309"
   } ]
}

[7.881][FINE]:      Command received (/session/699ec55dcd157c0368c4492a55b055d9/element/:wdc:1365376682309/click) with params {

}

[7.881][FINER]:     Waiting for all views to stop loading...
[7.887][FINER]:     Done waiting for all views to stop loading
[7.984][FINER]:     Waiting for all views to stop loading...
[7.984][FINER]:     Done waiting for all views to stop loading
[7.984][FINE]:      Command finished (/session/699ec55dcd157c0368c4492a55b055d9/element/:wdc:1365376682309/click) with response {
   "sessionId": "699ec55dcd157c0368c4492a55b055d9",
   "status": 0,
   "value": {

   }
}

[7.985][FINE]:      Command received (/session/699ec55dcd157c0368c4492a55b055d9/elements) with params {
   "using": "xpath",
   "value": "/html"
}

[7.985][FINER]:     Waiting for all views to stop loading...
[7.987][FINER]:     Done waiting for all views to stop loading
[8.008][FINER]:     Waiting for all views to stop loading...
[8.008][FINER]:     Done waiting for all views to stop loading
[8.008][FINE]:      Command finished (/session/699ec55dcd157c0368c4492a55b055d9/elements) with response {
   "sessionId": "699ec55dcd157c0368c4492a55b055d9",
   "status": 0,
   "value": [ {
      "ELEMENT": ":wdc:1365376682310"
   } ]
}

[8.009][FINE]:      Command received (/session/699ec55dcd157c0368c4492a55b055d9/element/:wdc:1365376682310/text)
[8.009][FINER]:     Waiting for all views to stop loading...
[8.033][FINER]:     Done waiting for all views to stop loading
[8.120][FINER]:     Waiting for all views to stop loading...
[8.120][FINER]:     Done waiting for all views to stop loading
[8.121][FINE]:      Command finished (/session/699ec55dcd157c0368c4492a55b055d9/element/:wdc:1365376682310/text) with response {
   "sessionId": "699ec55dcd157c0368c4492a55b055d9",
   "status": 0,
   "value": "zapp.ly\nzvkemp@gmail.com\nMy Documents\nsign out\nMy Documents\nDrag your application documents to th..."
}

[8.121][FINE]:      Command received (/session/699ec55dcd157c0368c4492a55b055d9/cookie)
[8.122][FINER]:     Waiting for all views to stop loading...
[8.123][FINER]:     Done waiting for all views to stop loading
[8.127][FINER]:     Waiting for all views to stop loading...
[8.127][FINER]:     Done waiting for all views to stop loading
[8.127][FINE]:      Command finished (/session/699ec55dcd157c0368c4492a55b055d9/cookie) with response {
   "sessionId": "699ec55dcd157c0368c4492a55b055d9",
   "status": 0,
   "value": {

   }
}

[8.128][FINE]:      Command received (/session/699ec55dcd157c0368c4492a55b055d9/url) with params {
   "url": "about:blank"
}

[8.128][FINER]:     Waiting for all views to stop loading...
[8.128][FINER]:     Done waiting for all views to stop loading
[8.406][FINER]:     Waiting for all views to stop loading...
[8.432][FINER]:     Done waiting for all views to stop loading
[8.432][FINE]:      Command finished (/session/699ec55dcd157c0368c4492a55b055d9/url) with response {
   "sessionId": "699ec55dcd157c0368c4492a55b055d9",
   "status": 0,
   "value": {

   }
}

[8.442][FINE]:      Command received (/session/699ec55dcd157c0368c4492a55b055d9/url) with params {
   "url": "http://127.0.0.1:49810/"
}

[8.442][FINER]:     Waiting for all views to stop loading...
[8.442][FINER]:     Done waiting for all views to stop loading
[8.893][FINER]:     Waiting for all views to stop loading...
[8.893][FINER]:     Done waiting for all views to stop loading
[8.894][FINE]:      Command finished (/session/699ec55dcd157c0368c4492a55b055d9/url) with response {
   "sessionId": "699ec55dcd157c0368c4492a55b055d9",
   "status": 0,
   "value": {

   }
}

[8.895][FINE]:      Command received (/session/699ec55dcd157c0368c4492a55b055d9/elements) with params {
   "using": "xpath",
   "value": ".//*[contains(concat(' ', normalize-space(@class), ' '), ' navbar-inner ')]"
}

[8.895][FINER]:     Waiting for all views to stop loading...
[8.895][FINER]:     Done waiting for all views to stop loading
[8.936][FINER]:     Waiting for all views to stop loading...
[8.936][FINER]:     Done waiting for all views to stop loading
[8.936][FINE]:      Command finished (/session/699ec55dcd157c0368c4492a55b055d9/elements) with response {
   "sessionId": "699ec55dcd157c0368c4492a55b055d9",
   "status": 0,
   "value": [ {
      "ELEMENT": ":wdc:1365376683385"
   } ]
}

[8.937][FINE]:      Command received (/session/699ec55dcd157c0368c4492a55b055d9/element/:wdc:1365376683385/elements) with params {
   "using": "xpath",
   "value": ".//a[./@href][(((./@id = 'My Documents' or contains(normalize-space(string(.)), 'My Documents')) ..."
}

[8.937][FINER]:     Waiting for all views to stop loading...
[8.938][FINER]:     Done waiting for all views to stop loading
[8.953][FINER]:     Waiting for all views to stop loading...
[8.953][FINER]:     Done waiting for all views to stop loading
[8.953][FINE]:      Command finished (/session/699ec55dcd157c0368c4492a55b055d9/element/:wdc:1365376683385/elements) with response {
   "sessionId": "699ec55dcd157c0368c4492a55b055d9",
   "status": 0,
   "value": [ {
      "ELEMENT": ":wdc:1365376683386"
   } ]
}

[8.954][FINE]:      Command received (/session/699ec55dcd157c0368c4492a55b055d9/element/:wdc:1365376683386/click) with params {

}

[8.954][FINER]:     Waiting for all views to stop loading...
[8.954][FINER]:     Done waiting for all views to stop loading
[9.068][FINER]:     Waiting for all views to stop loading...
[9.122][FINER]:     Done waiting for all views to stop loading
[9.122][FINE]:      Command finished (/session/699ec55dcd157c0368c4492a55b055d9/element/:wdc:1365376683386/click) with response {
   "sessionId": "699ec55dcd157c0368c4492a55b055d9",
   "status": 0,
   "value": {

   }
}

[9.124][FINE]:      Command received (/session/699ec55dcd157c0368c4492a55b055d9/cookie)
[9.124][FINER]:     Waiting for all views to stop loading...
[9.149][FINER]:     Done waiting for all views to stop loading
[9.216][FINER]:     Waiting for all views to stop loading...
[9.233][FINER]:     Done waiting for all views to stop loading
[9.233][FINE]:      Command finished (/session/699ec55dcd157c0368c4492a55b055d9/cookie) with response {
   "sessionId": "699ec55dcd157c0368c4492a55b055d9",
   "status": 0,
   "value": {

   }
}

[9.234][FINE]:      Command received (/session/699ec55dcd157c0368c4492a55b055d9/url) with params {
   "url": "about:blank"
}

[9.234][FINER]:     Waiting for all views to stop loading...
[9.266][FINER]:     Done waiting for all views to stop loading
[9.665][FINER]:     Waiting for all views to stop loading...
[9.692][FINER]:     Done waiting for all views to stop loading
[9.692][FINE]:      Command finished (/session/699ec55dcd157c0368c4492a55b055d9/url) with response {
   "sessionId": "699ec55dcd157c0368c4492a55b055d9",
   "status": 0,
   "value": {

   }
}

[9.705][FINE]:      Command received (/session/699ec55dcd157c0368c4492a55b055d9/url) with params {
   "url": "http://127.0.0.1:49810/"
}

[9.705][FINER]:     Waiting for all views to stop loading...
[9.705][FINER]:     Done waiting for all views to stop loading
[10.164][FINER]:    Waiting for all views to stop loading...
[10.164][FINER]:    Done waiting for all views to stop loading
[10.164][FINE]:     Command finished (/session/699ec55dcd157c0368c4492a55b055d9/url) with response {
   "sessionId": "699ec55dcd157c0368c4492a55b055d9",
   "status": 0,
   "value": {

   }
}

[10.166][FINE]:     Command received (/session/699ec55dcd157c0368c4492a55b055d9/elements) with params {
   "using": "xpath",
   "value": ".//*[contains(concat(' ', normalize-space(@class), ' '), ' navbar-inner ')]"
}

[10.166][FINER]:    Waiting for all views to stop loading...
[10.166][FINER]:    Done waiting for all views to stop loading
[10.207][FINER]:    Waiting for all views to stop loading...
[10.207][FINER]:    Done waiting for all views to stop loading
[10.207][FINE]:     Command finished (/session/699ec55dcd157c0368c4492a55b055d9/elements) with response {
   "sessionId": "699ec55dcd157c0368c4492a55b055d9",
   "status": 0,
   "value": [ {
      "ELEMENT": ":wdc:1365376684655"
   } ]
}

[10.208][FINE]:     Command received (/session/699ec55dcd157c0368c4492a55b055d9/element/:wdc:1365376684655/elements) with params {
   "using": "xpath",
   "value": ".//a[./@href][(((./@id = 'My Documents' or contains(normalize-space(string(.)), 'My Documents')) ..."
}

[10.208][FINER]:    Waiting for all views to stop loading...
[10.208][FINER]:    Done waiting for all views to stop loading
[10.224][FINER]:    Waiting for all views to stop loading...
[10.224][FINER]:    Done waiting for all views to stop loading
[10.224][FINE]:     Command finished (/session/699ec55dcd157c0368c4492a55b055d9/element/:wdc:1365376684655/elements) with response {
   "sessionId": "699ec55dcd157c0368c4492a55b055d9",
   "status": 0,
   "value": [ {
      "ELEMENT": ":wdc:1365376684656"
   } ]
}

[10.225][FINE]:     Command received (/session/699ec55dcd157c0368c4492a55b055d9/element/:wdc:1365376684656/click) with params {

}

[10.225][FINER]:    Waiting for all views to stop loading...
[10.225][FINER]:    Done waiting for all views to stop loading
[10.338][FINER]:    Waiting for all views to stop loading...
[10.386][FINER]:    Done waiting for all views to stop loading
[10.386][FINE]:     Command finished (/session/699ec55dcd157c0368c4492a55b055d9/element/:wdc:1365376684656/click) with response {
   "sessionId": "699ec55dcd157c0368c4492a55b055d9",
   "status": 0,
   "value": {

   }
}

[10.388][FINE]:     Command received (/session/699ec55dcd157c0368c4492a55b055d9/cookie)
[10.388][FINER]:    Waiting for all views to stop loading...
[10.417][FINER]:    Done waiting for all views to stop loading
[10.484][FINER]:    Waiting for all views to stop loading...
[10.501][FINER]:    Done waiting for all views to stop loading
[10.501][FINE]:     Command finished (/session/699ec55dcd157c0368c4492a55b055d9/cookie) with response {
   "sessionId": "699ec55dcd157c0368c4492a55b055d9",
   "status": 0,
   "value": {

   }
}

[10.503][FINE]:     Command received (/session/699ec55dcd157c0368c4492a55b055d9/url) with params {
   "url": "about:blank"
}

[10.503][FINER]:    Waiting for all views to stop loading...
[10.534][FINER]:    Done waiting for all views to stop loading
[10.859][FINER]:    Waiting for all views to stop loading...
[10.883][FINER]:    Done waiting for all views to stop loading
[10.883][FINE]:     Command finished (/session/699ec55dcd157c0368c4492a55b055d9/url) with response {
   "sessionId": "699ec55dcd157c0368c4492a55b055d9",
   "status": 0,
   "value": {

   }
}

[10.894][FINE]:     Command received (/session/699ec55dcd157c0368c4492a55b055d9/url) with params {
   "url": "http://127.0.0.1:49810/"
}

[10.894][FINER]:    Waiting for all views to stop loading...
[10.894][FINER]:    Done waiting for all views to stop loading
[11.344][FINER]:    Waiting for all views to stop loading...
[11.347][FINER]:    Done waiting for all views to stop loading
[11.347][FINE]:     Command finished (/session/699ec55dcd157c0368c4492a55b055d9/url) with response {
   "sessionId": "699ec55dcd157c0368c4492a55b055d9",
   "status": 0,
   "value": {

   }
}

[11.348][FINE]:     Command received (/session/699ec55dcd157c0368c4492a55b055d9/elements) with params {
   "using": "xpath",
   "value": ".//*[contains(concat(' ', normalize-space(@class), ' '), ' navbar-inner ')]"
}

[11.348][FINER]:    Waiting for all views to stop loading...
[11.348][FINER]:    Done waiting for all views to stop loading
[11.387][FINER]:    Waiting for all views to stop loading...
[11.387][FINER]:    Done waiting for all views to stop loading
[11.387][FINE]:     Command finished (/session/699ec55dcd157c0368c4492a55b055d9/elements) with response {
   "sessionId": "699ec55dcd157c0368c4492a55b055d9",
   "status": 0,
   "value": [ {
      "ELEMENT": ":wdc:1365376685835"
   } ]
}

[11.388][FINE]:     Command received (/session/699ec55dcd157c0368c4492a55b055d9/element/:wdc:1365376685835/elements) with params {
   "using": "xpath",
   "value": ".//a[./@href][(((./@id = 'My Documents' or contains(normalize-space(string(.)), 'My Documents')) ..."
}

[11.388][FINER]:    Waiting for all views to stop loading...
[11.388][FINER]:    Done waiting for all views to stop loading
[11.404][FINER]:    Waiting for all views to stop loading...
[11.405][FINER]:    Done waiting for all views to stop loading
[11.405][FINE]:     Command finished (/session/699ec55dcd157c0368c4492a55b055d9/element/:wdc:1365376685835/elements) with response {
   "sessionId": "699ec55dcd157c0368c4492a55b055d9",
   "status": 0,
   "value": [ {
      "ELEMENT": ":wdc:1365376685836"
   } ]
}

[11.406][FINE]:     Command received (/session/699ec55dcd157c0368c4492a55b055d9/element/:wdc:1365376685836/click) with params {

}

[11.406][FINER]:    Waiting for all views to stop loading...
[11.406][FINER]:    Done waiting for all views to stop loading
[11.705][FINER]:    Waiting for all views to stop loading...
[11.723][FINER]:    Done waiting for all views to stop loading
[11.723][FINE]:     Command finished (/session/699ec55dcd157c0368c4492a55b055d9/element/:wdc:1365376685836/click) with response {
   "sessionId": "699ec55dcd157c0368c4492a55b055d9",
   "status": 0,
   "value": {

   }
}

[11.770][FINE]:     Command received (/session/699ec55dcd157c0368c4492a55b055d9/url) with params {
   "url": "http://127.0.0.1:49810/"
}

[11.770][FINER]:    Waiting for all views to stop loading...
[11.802][FINER]:    Done waiting for all views to stop loading
[11.972][FINER]:    Waiting for all views to stop loading...
[11.973][FINER]:    Done waiting for all views to stop loading
[11.973][FINE]:     Command finished (/session/699ec55dcd157c0368c4492a55b055d9/url) with response {
   "sessionId": "699ec55dcd157c0368c4492a55b055d9",
   "status": 0,
   "value": {

   }
}

[11.974][FINE]:     Command received (/session/699ec55dcd157c0368c4492a55b055d9/elements) with params {
   "using": "xpath",
   "value": ".//*[contains(concat(' ', normalize-space(@class), ' '), ' navbar-inner ')]"
}

[11.974][FINER]:    Waiting for all views to stop loading...
[11.974][FINER]:    Done waiting for all views to stop loading
[12.008][FINER]:    Waiting for all views to stop loading...
[12.019][FINER]:    Done waiting for all views to stop loading
[12.019][FINE]:     Command finished (/session/699ec55dcd157c0368c4492a55b055d9/elements) with response {
   "sessionId": "699ec55dcd157c0368c4492a55b055d9",
   "status": 0,
   "value": [ {
      "ELEMENT": ":wdc:1365376686436"
   } ]
}

[12.020][FINE]:     Command received (/session/699ec55dcd157c0368c4492a55b055d9/element/:wdc:1365376686436/elements) with params {
   "using": "xpath",
   "value": ".//a[./@href][(((./@id = 'My Documents' or contains(normalize-space(string(.)), 'My Documents')) ..."
}

[12.020][FINER]:    Waiting for all views to stop loading...
[12.052][FINER]:    Done waiting for all views to stop loading
[12.119][FINER]:    Waiting for all views to stop loading...
[12.136][FINER]:    Done waiting for all views to stop loading
[12.136][FINE]:     Command finished (/session/699ec55dcd157c0368c4492a55b055d9/element/:wdc:1365376686436/elements) with response {
   "sessionId": "699ec55dcd157c0368c4492a55b055d9",
   "status": 0,
   "value": [ {
      "ELEMENT": ":wdc:1365376686437"
   } ]
}

[12.137][FINE]:     Command received (/session/699ec55dcd157c0368c4492a55b055d9/element/:wdc:1365376686437/click) with params {

}

[12.137][FINER]:    Waiting for all views to stop loading...
[12.170][FINER]:    Done waiting for all views to stop loading
[12.490][FINER]:    Waiting for all views to stop loading...
[12.529][FINER]:    Done waiting for all views to stop loading
[12.529][FINE]:     Command finished (/session/699ec55dcd157c0368c4492a55b055d9/element/:wdc:1365376686437/click) with response {
   "sessionId": "699ec55dcd157c0368c4492a55b055d9",
   "status": 0,
   "value": {

   }
}

[22.532][FINE]:     Command received (/session/699ec55dcd157c0368c4492a55b055d9/elements) with params {
   "using": "xpath",
   "value": "/html"
}

[22.532][FINER]:    Waiting for all views to stop loading...
[22.533][FINER]:    Done waiting for all views to stop loading
[22.557][FINER]:    Waiting for all views to stop loading...
[22.557][FINER]:    Done waiting for all views to stop loading
[22.557][FINE]:     Command finished (/session/699ec55dcd157c0368c4492a55b055d9/elements) with response {
   "sessionId": "699ec55dcd157c0368c4492a55b055d9",
   "status": 0,
   "value": [ {
      "ELEMENT": ":wdc:1365376686438"
   } ]
}

[22.559][FINE]:     Command received (/session/699ec55dcd157c0368c4492a55b055d9/element/:wdc:1365376686438/text)
[22.559][FINER]:    Waiting for all views to stop loading...
[22.559][FINER]:    Done waiting for all views to stop loading
[22.596][FINER]:    Waiting for all views to stop loading...
[22.596][FINER]:    Done waiting for all views to stop loading
[22.596][FINE]:     Command finished (/session/699ec55dcd157c0368c4492a55b055d9/element/:wdc:1365376686438/text) with response {
   "sessionId": "699ec55dcd157c0368c4492a55b055d9",
   "status": 0,
   "value": "zapp.ly\nzvkemp@gmail.com\nMy Documents\nsign out\nMy Documents\nDrag your application documents to th..."
}

[22.597][FINE]:     Command received (/session/699ec55dcd157c0368c4492a55b055d9/cookie)
[22.597][FINER]:    Waiting for all views to stop loading...
[22.598][FINER]:    Done waiting for all views to stop loading
[22.601][FINER]:    Waiting for all views to stop loading...
[22.602][FINER]:    Done waiting for all views to stop loading
[22.602][FINE]:     Command finished (/session/699ec55dcd157c0368c4492a55b055d9/cookie) with response {
   "sessionId": "699ec55dcd157c0368c4492a55b055d9",
   "status": 0,
   "value": {

   }
}

[22.602][FINE]:     Command received (/session/699ec55dcd157c0368c4492a55b055d9/url) with params {
   "url": "about:blank"
}

[22.602][FINER]:    Waiting for all views to stop loading...
[22.603][FINER]:    Done waiting for all views to stop loading
[22.800][FINER]:    Waiting for all views to stop loading...
[22.805][FINER]:    Done waiting for all views to stop loading
[22.805][FINE]:     Command finished (/session/699ec55dcd157c0368c4492a55b055d9/url) with response {
   "sessionId": "699ec55dcd157c0368c4492a55b055d9",
   "status": 0,
   "value": {

   }
}

[22.816][FINE]:     Command received (/session/699ec55dcd157c0368c4492a55b055d9/url) with params {
   "url": "http://127.0.0.1:49810/"
}

[22.816][FINER]:    Waiting for all views to stop loading...
[22.836][FINER]:    Done waiting for all views to stop loading
[23.366][FINER]:    Waiting for all views to stop loading...
[23.370][FINER]:    Done waiting for all views to stop loading
[23.370][FINE]:     Command finished (/session/699ec55dcd157c0368c4492a55b055d9/url) with response {
   "sessionId": "699ec55dcd157c0368c4492a55b055d9",
   "status": 0,
   "value": {

   }
}

[23.371][FINE]:     Command received (/session/699ec55dcd157c0368c4492a55b055d9/elements) with params {
   "using": "xpath",
   "value": ".//*[contains(concat(' ', normalize-space(@class), ' '), ' navbar-inner ')]"
}

[23.371][FINER]:    Waiting for all views to stop loading...
[23.371][FINER]:    Done waiting for all views to stop loading
[23.410][FINER]:    Waiting for all views to stop loading...
[23.411][FINER]:    Done waiting for all views to stop loading
[23.411][FINE]:     Command finished (/session/699ec55dcd157c0368c4492a55b055d9/elements) with response {
   "sessionId": "699ec55dcd157c0368c4492a55b055d9",
   "status": 0,
   "value": [ {
      "ELEMENT": ":wdc:1365376697859"
   } ]
}

[23.412][FINE]:     Command received (/session/699ec55dcd157c0368c4492a55b055d9/element/:wdc:1365376697859/elements) with params {
   "using": "xpath",
   "value": ".//a[./@href][(((./@id = 'My Documents' or contains(normalize-space(string(.)), 'My Documents')) ..."
}

[23.412][FINER]:    Waiting for all views to stop loading...
[23.412][FINER]:    Done waiting for all views to stop loading
[23.427][FINER]:    Waiting for all views to stop loading...
[23.427][FINER]:    Done waiting for all views to stop loading
[23.427][FINE]:     Command finished (/session/699ec55dcd157c0368c4492a55b055d9/element/:wdc:1365376697859/elements) with response {
   "sessionId": "699ec55dcd157c0368c4492a55b055d9",
   "status": 0,
   "value": [ {
      "ELEMENT": ":wdc:1365376697860"
   } ]
}

[23.428][FINE]:     Command received (/session/699ec55dcd157c0368c4492a55b055d9/element/:wdc:1365376697860/click) with params {

}

[23.428][FINER]:    Waiting for all views to stop loading...
[23.429][FINER]:    Done waiting for all views to stop loading
[23.583][FINER]:    Waiting for all views to stop loading...
[23.619][FINER]:    Done waiting for all views to stop loading
[23.619][FINE]:     Command finished (/session/699ec55dcd157c0368c4492a55b055d9/element/:wdc:1365376697860/click) with response {
   "sessionId": "699ec55dcd157c0368c4492a55b055d9",
   "status": 0,
   "value": {

   }
}

[23.786][FINE]:     Command received (/session/699ec55dcd157c0368c4492a55b055d9/url) with params {
   "url": "http://127.0.0.1:49810/"
}

[23.786][FINER]:    Waiting for all views to stop loading...
[23.812][FINER]:    Done waiting for all views to stop loading
[23.976][FINER]:    Waiting for all views to stop loading...
[23.979][FINER]:    Done waiting for all views to stop loading
[23.979][FINE]:     Command finished (/session/699ec55dcd157c0368c4492a55b055d9/url) with response {
   "sessionId": "699ec55dcd157c0368c4492a55b055d9",
   "status": 0,
   "value": {

   }
}

[23.981][FINE]:     Command received (/session/699ec55dcd157c0368c4492a55b055d9/elements) with params {
   "using": "xpath",
   "value": ".//*[contains(concat(' ', normalize-space(@class), ' '), ' navbar-inner ')]"
}

[23.981][FINER]:    Waiting for all views to stop loading...
[23.997][FINER]:    Done waiting for all views to stop loading
[24.065][FINER]:    Waiting for all views to stop loading...
[24.079][FINER]:    Done waiting for all views to stop loading
[24.079][FINE]:     Command finished (/session/699ec55dcd157c0368c4492a55b055d9/elements) with response {
   "sessionId": "699ec55dcd157c0368c4492a55b055d9",
   "status": 0,
   "value": [ {
      "ELEMENT": ":wdc:1365376698509"
   } ]
}

[24.080][FINE]:     Command received (/session/699ec55dcd157c0368c4492a55b055d9/element/:wdc:1365376698509/elements) with params {
   "using": "xpath",
   "value": ".//a[./@href][(((./@id = 'My Documents' or contains(normalize-space(string(.)), 'My Documents')) ..."
}

[24.080][FINER]:    Waiting for all views to stop loading...
[24.113][FINER]:    Done waiting for all views to stop loading
[24.167][FINER]:    Waiting for all views to stop loading...
[24.167][FINER]:    Done waiting for all views to stop loading
[24.167][FINE]:     Command finished (/session/699ec55dcd157c0368c4492a55b055d9/element/:wdc:1365376698509/elements) with response {
   "sessionId": "699ec55dcd157c0368c4492a55b055d9",
   "status": 0,
   "value": [ {
      "ELEMENT": ":wdc:1365376698510"
   } ]
}

[24.168][FINE]:     Command received (/session/699ec55dcd157c0368c4492a55b055d9/element/:wdc:1365376698510/click) with params {

}

[24.168][FINER]:    Waiting for all views to stop loading...
[24.179][FINER]:    Done waiting for all views to stop loading
[24.382][FINER]:    Waiting for all views to stop loading...
[24.419][FINER]:    Done waiting for all views to stop loading
[24.419][FINE]:     Command finished (/session/699ec55dcd157c0368c4492a55b055d9/element/:wdc:1365376698510/click) with response {
   "sessionId": "699ec55dcd157c0368c4492a55b055d9",
   "status": 0,
   "value": {

   }
}

[34.422][FINE]:     Command received (/session/699ec55dcd157c0368c4492a55b055d9/elements) with params {
   "using": "xpath",
   "value": ".//a[./@href][(((./@id = 'delete' or contains(normalize-space(string(.)), 'delete')) or contains(..."
}

[34.422][FINER]:    Waiting for all views to stop loading...
[34.423][FINER]:    Done waiting for all views to stop loading
[34.446][FINER]:    Waiting for all views to stop loading...
[34.446][FINER]:    Done waiting for all views to stop loading
[34.446][FINE]:     Command finished (/session/699ec55dcd157c0368c4492a55b055d9/elements) with response {
   "sessionId": "699ec55dcd157c0368c4492a55b055d9",
   "status": 0,
   "value": [  ]
}

[34.500][FINE]:     Command received (/session/699ec55dcd157c0368c4492a55b055d9/elements) with params {
   "using": "xpath",
   "value": ".//a[./@href][(((./@id = 'delete' or contains(normalize-space(string(.)), 'delete')) or contains(..."
}

[34.500][FINER]:    Waiting for all views to stop loading...
[34.501][FINER]:    Done waiting for all views to stop loading
[34.510][FINER]:    Waiting for all views to stop loading...
[34.511][FINER]:    Done waiting for all views to stop loading
[34.511][FINE]:     Command finished (/session/699ec55dcd157c0368c4492a55b055d9/elements) with response {
   "sessionId": "699ec55dcd157c0368c4492a55b055d9",
   "status": 0,
   "value": [  ]
}

[34.564][FINE]:     Command received (/session/699ec55dcd157c0368c4492a55b055d9/elements) with params {
   "using": "xpath",
   "value": ".//a[./@href][(((./@id = 'delete' or contains(normalize-space(string(.)), 'delete')) or contains(..."
}

[34.564][FINER]:    Waiting for all views to stop loading...
[34.565][FINER]:    Done waiting for all views to stop loading
[34.573][FINER]:    Waiting for all views to stop loading...
[34.574][FINER]:    Done waiting for all views to stop loading
[34.574][FINE]:     Command finished (/session/699ec55dcd157c0368c4492a55b055d9/elements) with response {
   "sessionId": "699ec55dcd157c0368c4492a55b055d9",
   "status": 0,
   "value": [  ]
}

[34.627][FINE]:     Command received (/session/699ec55dcd157c0368c4492a55b055d9/elements) with params {
   "using": "xpath",
   "value": ".//a[./@href][(((./@id = 'delete' or contains(normalize-space(string(.)), 'delete')) or contains(..."
}

[34.627][FINER]:    Waiting for all views to stop loading...
[34.628][FINER]:    Done waiting for all views to stop loading
[34.636][FINER]:    Waiting for all views to stop loading...
[34.636][FINER]:    Done waiting for all views to stop loading
[34.637][FINE]:     Command finished (/session/699ec55dcd157c0368c4492a55b055d9/elements) with response {
   "sessionId": "699ec55dcd157c0368c4492a55b055d9",
   "status": 0,
   "value": [  ]
}

[34.690][FINE]:     Command received (/session/699ec55dcd157c0368c4492a55b055d9/elements) with params {
   "using": "xpath",
   "value": ".//a[./@href][(((./@id = 'delete' or contains(normalize-space(string(.)), 'delete')) or contains(..."
}

[34.690][FINER]:    Waiting for all views to stop loading...
[34.691][FINER]:    Done waiting for all views to stop loading
[34.700][FINER]:    Waiting for all views to stop loading...
[34.700][FINER]:    Done waiting for all views to stop loading
[34.700][FINE]:     Command finished (/session/699ec55dcd157c0368c4492a55b055d9/elements) with response {
   "sessionId": "699ec55dcd157c0368c4492a55b055d9",
   "status": 0,
   "value": [  ]
}

[34.754][FINE]:     Command received (/session/699ec55dcd157c0368c4492a55b055d9/elements) with params {
   "using": "xpath",
   "value": ".//a[./@href][(((./@id = 'delete' or contains(normalize-space(string(.)), 'delete')) or contains(..."
}

[34.754][FINER]:    Waiting for all views to stop loading...
[34.755][FINER]:    Done waiting for all views to stop loading
[34.762][FINER]:    Waiting for all views to stop loading...
[34.763][FINER]:    Done waiting for all views to stop loading
[34.763][FINE]:     Command finished (/session/699ec55dcd157c0368c4492a55b055d9/elements) with response {
   "sessionId": "699ec55dcd157c0368c4492a55b055d9",
   "status": 0,
   "value": [  ]
}

[34.816][FINE]:     Command received (/session/699ec55dcd157c0368c4492a55b055d9/elements) with params {
   "using": "xpath",
   "value": ".//a[./@href][(((./@id = 'delete' or contains(normalize-space(string(.)), 'delete')) or contains(..."
}

[34.816][FINER]:    Waiting for all views to stop loading...
[34.817][FINER]:    Done waiting for all views to stop loading
[34.824][FINER]:    Waiting for all views to stop loading...
[34.825][FINER]:    Done waiting for all views to stop loading
[34.825][FINE]:     Command finished (/session/699ec55dcd157c0368c4492a55b055d9/elements) with response {
   "sessionId": "699ec55dcd157c0368c4492a55b055d9",
   "status": 0,
   "value": [  ]
}

[34.878][FINE]:     Command received (/session/699ec55dcd157c0368c4492a55b055d9/elements) with params {
   "using": "xpath",
   "value": ".//a[./@href][(((./@id = 'delete' or contains(normalize-space(string(.)), 'delete')) or contains(..."
}

[34.878][FINER]:    Waiting for all views to stop loading...
[34.879][FINER]:    Done waiting for all views to stop loading
[34.887][FINER]:    Waiting for all views to stop loading...
[34.888][FINER]:    Done waiting for all views to stop loading
[34.888][FINE]:     Command finished (/session/699ec55dcd157c0368c4492a55b055d9/elements) with response {
   "sessionId": "699ec55dcd157c0368c4492a55b055d9",
   "status": 0,
   "value": [  ]
}

[34.941][FINE]:     Command received (/session/699ec55dcd157c0368c4492a55b055d9/elements) with params {
   "using": "xpath",
   "value": ".//a[./@href][(((./@id = 'delete' or contains(normalize-space(string(.)), 'delete')) or contains(..."
}

[34.941][FINER]:    Waiting for all views to stop loading...
[34.942][FINER]:    Done waiting for all views to stop loading
[34.948][FINER]:    Waiting for all views to stop loading...
[34.949][FINER]:    Done waiting for all views to stop loading
[34.949][FINE]:     Command finished (/session/699ec55dcd157c0368c4492a55b055d9/elements) with response {
   "sessionId": "699ec55dcd157c0368c4492a55b055d9",
   "status": 0,
   "value": [  ]
}

[35.002][FINE]:     Command received (/session/699ec55dcd157c0368c4492a55b055d9/elements) with params {
   "using": "xpath",
   "value": ".//a[./@href][(((./@id = 'delete' or contains(normalize-space(string(.)), 'delete')) or contains(..."
}

[35.002][FINER]:    Waiting for all views to stop loading...
[35.003][FINER]:    Done waiting for all views to stop loading
[35.011][FINER]:    Waiting for all views to stop loading...
[35.011][FINER]:    Done waiting for all views to stop loading
[35.011][FINE]:     Command finished (/session/699ec55dcd157c0368c4492a55b055d9/elements) with response {
   "sessionId": "699ec55dcd157c0368c4492a55b055d9",
   "status": 0,
   "value": [  ]
}

[35.064][FINE]:     Command received (/session/699ec55dcd157c0368c4492a55b055d9/elements) with params {
   "using": "xpath",
   "value": ".//a[./@href][(((./@id = 'delete' or contains(normalize-space(string(.)), 'delete')) or contains(..."
}

[35.064][FINER]:    Waiting for all views to stop loading...
[35.065][FINER]:    Done waiting for all views to stop loading
[35.074][FINER]:    Waiting for all views to stop loading...
[35.074][FINER]:    Done waiting for all views to stop loading
[35.074][FINE]:     Command finished (/session/699ec55dcd157c0368c4492a55b055d9/elements) with response {
   "sessionId": "699ec55dcd157c0368c4492a55b055d9",
   "status": 0,
   "value": [  ]
}

[35.127][FINE]:     Command received (/session/699ec55dcd157c0368c4492a55b055d9/elements) with params {
   "using": "xpath",
   "value": ".//a[./@href][(((./@id = 'delete' or contains(normalize-space(string(.)), 'delete')) or contains(..."
}

[35.127][FINER]:    Waiting for all views to stop loading...
[35.127][FINER]:    Done waiting for all views to stop loading
[35.132][FINER]:    Waiting for all views to stop loading...
[35.132][FINER]:    Done waiting for all views to stop loading
[35.132][FINE]:     Command finished (/session/699ec55dcd157c0368c4492a55b055d9/elements) with response {
   "sessionId": "699ec55dcd157c0368c4492a55b055d9",
   "status": 0,
   "value": [  ]
}

[35.185][FINE]:     Command received (/session/699ec55dcd157c0368c4492a55b055d9/elements) with params {
   "using": "xpath",
   "value": ".//a[./@href][(((./@id = 'delete' or contains(normalize-space(string(.)), 'delete')) or contains(..."
}

[35.185][FINER]:    Waiting for all views to stop loading...
[35.186][FINER]:    Done waiting for all views to stop loading
[35.194][FINER]:    Waiting for all views to stop loading...
[35.194][FINER]:    Done waiting for all views to stop loading
[35.194][FINE]:     Command finished (/session/699ec55dcd157c0368c4492a55b055d9/elements) with response {
   "sessionId": "699ec55dcd157c0368c4492a55b055d9",
   "status": 0,
   "value": [  ]
}

[35.246][FINE]:     Command received (/session/699ec55dcd157c0368c4492a55b055d9/elements) with params {
   "using": "xpath",
   "value": ".//a[./@href][(((./@id = 'delete' or contains(normalize-space(string(.)), 'delete')) or contains(..."
}

[35.246][FINER]:    Waiting for all views to stop loading...
[35.246][FINER]:    Done waiting for all views to stop loading
[35.250][FINER]:    Waiting for all views to stop loading...
[35.251][FINER]:    Done waiting for all views to stop loading
[35.251][FINE]:     Command finished (/session/699ec55dcd157c0368c4492a55b055d9/elements) with response {
   "sessionId": "699ec55dcd157c0368c4492a55b055d9",
   "status": 0,
   "value": [  ]
}

[35.302][FINE]:     Command received (/session/699ec55dcd157c0368c4492a55b055d9/elements) with params {
   "using": "xpath",
   "value": ".//a[./@href][(((./@id = 'delete' or contains(normalize-space(string(.)), 'delete')) or contains(..."
}

[35.302][FINER]:    Waiting for all views to stop loading...
[35.302][FINER]:    Done waiting for all views to stop loading
[35.306][FINER]:    Waiting for all views to stop loading...
[35.307][FINER]:    Done waiting for all views to stop loading
[35.307][FINE]:     Command finished (/session/699ec55dcd157c0368c4492a55b055d9/elements) with response {
   "sessionId": "699ec55dcd157c0368c4492a55b055d9",
   "status": 0,
   "value": [  ]
}

[35.360][FINE]:     Command received (/session/699ec55dcd157c0368c4492a55b055d9/elements) with params {
   "using": "xpath",
   "value": ".//a[./@href][(((./@id = 'delete' or contains(normalize-space(string(.)), 'delete')) or contains(..."
}

[35.360][FINER]:    Waiting for all views to stop loading...
[35.361][FINER]:    Done waiting for all views to stop loading
[35.369][FINER]:    Waiting for all views to stop loading...
[35.369][FINER]:    Done waiting for all views to stop loading
[35.369][FINE]:     Command finished (/session/699ec55dcd157c0368c4492a55b055d9/elements) with response {
   "sessionId": "699ec55dcd157c0368c4492a55b055d9",
   "status": 0,
   "value": [  ]
}

[35.423][FINE]:     Command received (/session/699ec55dcd157c0368c4492a55b055d9/elements) with params {
   "using": "xpath",
   "value": ".//a[./@href][(((./@id = 'delete' or contains(normalize-space(string(.)), 'delete')) or contains(..."
}

[35.423][FINER]:    Waiting for all views to stop loading...
[35.424][FINER]:    Done waiting for all views to stop loading
[35.432][FINER]:    Waiting for all views to stop loading...
[35.433][FINER]:    Done waiting for all views to stop loading
[35.433][FINE]:     Command finished (/session/699ec55dcd157c0368c4492a55b055d9/elements) with response {
   "sessionId": "699ec55dcd157c0368c4492a55b055d9",
   "status": 0,
   "value": [  ]
}

[35.435][FINE]:     Command received (/session/699ec55dcd157c0368c4492a55b055d9/cookie)
[35.435][FINER]:    Waiting for all views to stop loading...
[35.435][FINER]:    Done waiting for all views to stop loading
[35.440][FINER]:    Waiting for all views to stop loading...
[35.441][FINER]:    Done waiting for all views to stop loading
[35.441][FINE]:     Command finished (/session/699ec55dcd157c0368c4492a55b055d9/cookie) with response {
   "sessionId": "699ec55dcd157c0368c4492a55b055d9",
   "status": 0,
   "value": {

   }
}

[35.442][FINE]:     Command received (/session/699ec55dcd157c0368c4492a55b055d9/url) with params {
   "url": "about:blank"
}

[35.442][FINER]:    Waiting for all views to stop loading...
[35.442][FINER]:    Done waiting for all views to stop loading
[35.601][FINER]:    Waiting for all views to stop loading...
[35.606][FINER]:    Done waiting for all views to stop loading
[35.606][FINE]:     Command finished (/session/699ec55dcd157c0368c4492a55b055d9/url) with response {
   "sessionId": "699ec55dcd157c0368c4492a55b055d9",
   "status": 0,
   "value": {

   }
}

[35.617][FINE]:     Command received (/session/699ec55dcd157c0368c4492a55b055d9/url) with params {
   "url": "http://127.0.0.1:49810/"
}

[35.617][FINER]:    Waiting for all views to stop loading...
[35.623][FINER]:    Done waiting for all views to stop loading
[36.087][FINER]:    Waiting for all views to stop loading...
[36.090][FINER]:    Done waiting for all views to stop loading
[36.090][FINE]:     Command finished (/session/699ec55dcd157c0368c4492a55b055d9/url) with response {
   "sessionId": "699ec55dcd157c0368c4492a55b055d9",
   "status": 0,
   "value": {

   }
}

[36.091][FINE]:     Command received (/session/699ec55dcd157c0368c4492a55b055d9/elements) with params {
   "using": "xpath",
   "value": ".//*[contains(concat(' ', normalize-space(@class), ' '), ' navbar-inner ')]"
}

[36.091][FINER]:    Waiting for all views to stop loading...
[36.091][FINER]:    Done waiting for all views to stop loading
[36.130][FINER]:    Waiting for all views to stop loading...
[36.130][FINER]:    Done waiting for all views to stop loading
[36.130][FINE]:     Command finished (/session/699ec55dcd157c0368c4492a55b055d9/elements) with response {
   "sessionId": "699ec55dcd157c0368c4492a55b055d9",
   "status": 0,
   "value": [ {
      "ELEMENT": ":wdc:1365376710578"
   } ]
}

[36.131][FINE]:     Command received (/session/699ec55dcd157c0368c4492a55b055d9/element/:wdc:1365376710578/elements) with params {
   "using": "xpath",
   "value": ".//a[./@href][(((./@id = 'My Documents' or contains(normalize-space(string(.)), 'My Documents')) ..."
}

[36.131][FINER]:    Waiting for all views to stop loading...
[36.131][FINER]:    Done waiting for all views to stop loading
[36.147][FINER]:    Waiting for all views to stop loading...
[36.147][FINER]:    Done waiting for all views to stop loading
[36.147][FINE]:     Command finished (/session/699ec55dcd157c0368c4492a55b055d9/element/:wdc:1365376710578/elements) with response {
   "sessionId": "699ec55dcd157c0368c4492a55b055d9",
   "status": 0,
   "value": [ {
      "ELEMENT": ":wdc:1365376710579"
   } ]
}

[36.148][FINE]:     Command received (/session/699ec55dcd157c0368c4492a55b055d9/element/:wdc:1365376710579/click) with params {

}

[36.148][FINER]:    Waiting for all views to stop loading...
[36.148][FINER]:    Done waiting for all views to stop loading
[36.222][FINER]:    Waiting for all views to stop loading...
[36.225][FINER]:    Done waiting for all views to stop loading
[36.225][FINE]:     Command finished (/session/699ec55dcd157c0368c4492a55b055d9/element/:wdc:1365376710579/click) with response {
   "sessionId": "699ec55dcd157c0368c4492a55b055d9",
   "status": 0,
   "value": {

   }
}

[36.230][FINE]:     Command received (/session/699ec55dcd157c0368c4492a55b055d9/url) with params {
   "url": "http://127.0.0.1:49810/"
}

[36.230][FINER]:    Waiting for all views to stop loading...
[36.230][FINER]:    Done waiting for all views to stop loading
[36.381][FINER]:    Waiting for all views to stop loading...
[36.381][FINER]:    Done waiting for all views to stop loading
[36.382][FINE]:     Command finished (/session/699ec55dcd157c0368c4492a55b055d9/url) with response {
   "sessionId": "699ec55dcd157c0368c4492a55b055d9",
   "status": 0,
   "value": {

   }
}

[36.383][FINE]:     Command received (/session/699ec55dcd157c0368c4492a55b055d9/elements) with params {
   "using": "xpath",
   "value": ".//*[contains(concat(' ', normalize-space(@class), ' '), ' navbar-inner ')]"
}

[36.383][FINER]:    Waiting for all views to stop loading...
[36.383][FINER]:    Done waiting for all views to stop loading
[36.428][FINER]:    Waiting for all views to stop loading...
[36.429][FINER]:    Done waiting for all views to stop loading
[36.429][FINE]:     Command finished (/session/699ec55dcd157c0368c4492a55b055d9/elements) with response {
   "sessionId": "699ec55dcd157c0368c4492a55b055d9",
   "status": 0,
   "value": [ {
      "ELEMENT": ":wdc:1365376710845"
   } ]
}

[36.430][FINE]:     Command received (/session/699ec55dcd157c0368c4492a55b055d9/element/:wdc:1365376710845/elements) with params {
   "using": "xpath",
   "value": ".//a[./@href][(((./@id = 'My Documents' or contains(normalize-space(string(.)), 'My Documents')) ..."
}

[36.430][FINER]:    Waiting for all views to stop loading...
[36.431][FINER]:    Done waiting for all views to stop loading
[36.449][FINER]:    Waiting for all views to stop loading...
[36.450][FINER]:    Done waiting for all views to stop loading
[36.450][FINE]:     Command finished (/session/699ec55dcd157c0368c4492a55b055d9/element/:wdc:1365376710845/elements) with response {
   "sessionId": "699ec55dcd157c0368c4492a55b055d9",
   "status": 0,
   "value": [ {
      "ELEMENT": ":wdc:1365376710846"
   } ]
}

[36.451][FINE]:     Command received (/session/699ec55dcd157c0368c4492a55b055d9/element/:wdc:1365376710846/click) with params {

}

[36.451][FINER]:    Waiting for all views to stop loading...
[36.452][FINER]:    Done waiting for all views to stop loading
[36.515][FINER]:    Waiting for all views to stop loading...
[36.515][FINER]:    Done waiting for all views to stop loading
[36.515][FINE]:     Command finished (/session/699ec55dcd157c0368c4492a55b055d9/element/:wdc:1365376710846/click) with response {
   "sessionId": "699ec55dcd157c0368c4492a55b055d9",
   "status": 0,
   "value": {

   }
}

[46.518][FINE]:     Command received (/session/699ec55dcd157c0368c4492a55b055d9/elements) with params {
   "using": "xpath",
   "value": ".//a[./@href][(((./@id = 'delete' or contains(normalize-space(string(.)), 'delete')) or contains(..."
}

[46.518][FINER]:    Waiting for all views to stop loading...
[46.519][FINER]:    Done waiting for all views to stop loading
[46.542][FINER]:    Waiting for all views to stop loading...
[46.542][FINER]:    Done waiting for all views to stop loading
[46.542][FINE]:     Command finished (/session/699ec55dcd157c0368c4492a55b055d9/elements) with response {
   "sessionId": "699ec55dcd157c0368c4492a55b055d9",
   "status": 0,
   "value": [  ]
}

[46.596][FINE]:     Command received (/session/699ec55dcd157c0368c4492a55b055d9/elements) with params {
   "using": "xpath",
   "value": ".//a[./@href][(((./@id = 'delete' or contains(normalize-space(string(.)), 'delete')) or contains(..."
}

[46.596][FINER]:    Waiting for all views to stop loading...
[46.597][FINER]:    Done waiting for all views to stop loading
[46.606][FINER]:    Waiting for all views to stop loading...
[46.606][FINER]:    Done waiting for all views to stop loading
[46.606][FINE]:     Command finished (/session/699ec55dcd157c0368c4492a55b055d9/elements) with response {
   "sessionId": "699ec55dcd157c0368c4492a55b055d9",
   "status": 0,
   "value": [  ]
}

[46.660][FINE]:     Command received (/session/699ec55dcd157c0368c4492a55b055d9/elements) with params {
   "using": "xpath",
   "value": ".//a[./@href][(((./@id = 'delete' or contains(normalize-space(string(.)), 'delete')) or contains(..."
}

[46.660][FINER]:    Waiting for all views to stop loading...
[46.660][FINER]:    Done waiting for all views to stop loading
[46.668][FINER]:    Waiting for all views to stop loading...
[46.669][FINER]:    Done waiting for all views to stop loading
[46.669][FINE]:     Command finished (/session/699ec55dcd157c0368c4492a55b055d9/elements) with response {
   "sessionId": "699ec55dcd157c0368c4492a55b055d9",
   "status": 0,
   "value": [  ]
}

[46.722][FINE]:     Command received (/session/699ec55dcd157c0368c4492a55b055d9/elements) with params {
   "using": "xpath",
   "value": ".//a[./@href][(((./@id = 'delete' or contains(normalize-space(string(.)), 'delete')) or contains(..."
}

[46.722][FINER]:    Waiting for all views to stop loading...
[46.723][FINER]:    Done waiting for all views to stop loading
[46.732][FINER]:    Waiting for all views to stop loading...
[46.732][FINER]:    Done waiting for all views to stop loading
[46.732][FINE]:     Command finished (/session/699ec55dcd157c0368c4492a55b055d9/elements) with response {
   "sessionId": "699ec55dcd157c0368c4492a55b055d9",
   "status": 0,
   "value": [  ]
}

[46.786][FINE]:     Command received (/session/699ec55dcd157c0368c4492a55b055d9/elements) with params {
   "using": "xpath",
   "value": ".//a[./@href][(((./@id = 'delete' or contains(normalize-space(string(.)), 'delete')) or contains(..."
}

[46.786][FINER]:    Waiting for all views to stop loading...
[46.787][FINER]:    Done waiting for all views to stop loading
[46.796][FINER]:    Waiting for all views to stop loading...
[46.797][FINER]:    Done waiting for all views to stop loading
[46.797][FINE]:     Command finished (/session/699ec55dcd157c0368c4492a55b055d9/elements) with response {
   "sessionId": "699ec55dcd157c0368c4492a55b055d9",
   "status": 0,
   "value": [  ]
}

[46.850][FINE]:     Command received (/session/699ec55dcd157c0368c4492a55b055d9/elements) with params {
   "using": "xpath",
   "value": ".//a[./@href][(((./@id = 'delete' or contains(normalize-space(string(.)), 'delete')) or contains(..."
}

[46.850][FINER]:    Waiting for all views to stop loading...
[46.851][FINER]:    Done waiting for all views to stop loading
[46.859][FINER]:    Waiting for all views to stop loading...
[46.859][FINER]:    Done waiting for all views to stop loading
[46.859][FINE]:     Command finished (/session/699ec55dcd157c0368c4492a55b055d9/elements) with response {
   "sessionId": "699ec55dcd157c0368c4492a55b055d9",
   "status": 0,
   "value": [  ]
}

[46.913][FINE]:     Command received (/session/699ec55dcd157c0368c4492a55b055d9/elements) with params {
   "using": "xpath",
   "value": ".//a[./@href][(((./@id = 'delete' or contains(normalize-space(string(.)), 'delete')) or contains(..."
}

[46.913][FINER]:    Waiting for all views to stop loading...
[46.913][FINER]:    Done waiting for all views to stop loading
[46.921][FINER]:    Waiting for all views to stop loading...
[46.921][FINER]:    Done waiting for all views to stop loading
[46.921][FINE]:     Command finished (/session/699ec55dcd157c0368c4492a55b055d9/elements) with response {
   "sessionId": "699ec55dcd157c0368c4492a55b055d9",
   "status": 0,
   "value": [  ]
}

[46.974][FINE]:     Command received (/session/699ec55dcd157c0368c4492a55b055d9/elements) with params {
   "using": "xpath",
   "value": ".//a[./@href][(((./@id = 'delete' or contains(normalize-space(string(.)), 'delete')) or contains(..."
}

[46.975][FINER]:    Waiting for all views to stop loading...
[46.975][FINER]:    Done waiting for all views to stop loading
[46.984][FINER]:    Waiting for all views to stop loading...
[46.984][FINER]:    Done waiting for all views to stop loading
[46.984][FINE]:     Command finished (/session/699ec55dcd157c0368c4492a55b055d9/elements) with response {
   "sessionId": "699ec55dcd157c0368c4492a55b055d9",
   "status": 0,
   "value": [  ]
}

[47.038][FINE]:     Command received (/session/699ec55dcd157c0368c4492a55b055d9/elements) with params {
   "using": "xpath",
   "value": ".//a[./@href][(((./@id = 'delete' or contains(normalize-space(string(.)), 'delete')) or contains(..."
}

[47.038][FINER]:    Waiting for all views to stop loading...
[47.039][FINER]:    Done waiting for all views to stop loading
[47.046][FINER]:    Waiting for all views to stop loading...
[47.046][FINER]:    Done waiting for all views to stop loading
[47.046][FINE]:     Command finished (/session/699ec55dcd157c0368c4492a55b055d9/elements) with response {
   "sessionId": "699ec55dcd157c0368c4492a55b055d9",
   "status": 0,
   "value": [  ]
}

[47.100][FINE]:     Command received (/session/699ec55dcd157c0368c4492a55b055d9/elements) with params {
   "using": "xpath",
   "value": ".//a[./@href][(((./@id = 'delete' or contains(normalize-space(string(.)), 'delete')) or contains(..."
}

[47.100][FINER]:    Waiting for all views to stop loading...
[47.100][FINER]:    Done waiting for all views to stop loading
[47.109][FINER]:    Waiting for all views to stop loading...
[47.110][FINER]:    Done waiting for all views to stop loading
[47.110][FINE]:     Command finished (/session/699ec55dcd157c0368c4492a55b055d9/elements) with response {
   "sessionId": "699ec55dcd157c0368c4492a55b055d9",
   "status": 0,
   "value": [  ]
}

[47.164][FINE]:     Command received (/session/699ec55dcd157c0368c4492a55b055d9/elements) with params {
   "using": "xpath",
   "value": ".//a[./@href][(((./@id = 'delete' or contains(normalize-space(string(.)), 'delete')) or contains(..."
}

[47.164][FINER]:    Waiting for all views to stop loading...
[47.164][FINER]:    Done waiting for all views to stop loading
[47.174][FINER]:    Waiting for all views to stop loading...
[47.174][FINER]:    Done waiting for all views to stop loading
[47.174][FINE]:     Command finished (/session/699ec55dcd157c0368c4492a55b055d9/elements) with response {
   "sessionId": "699ec55dcd157c0368c4492a55b055d9",
   "status": 0,
   "value": [  ]
}

[47.227][FINE]:     Command received (/session/699ec55dcd157c0368c4492a55b055d9/elements) with params {
   "using": "xpath",
   "value": ".//a[./@href][(((./@id = 'delete' or contains(normalize-space(string(.)), 'delete')) or contains(..."
}

[47.227][FINER]:    Waiting for all views to stop loading...
[47.227][FINER]:    Done waiting for all views to stop loading
[47.231][FINER]:    Waiting for all views to stop loading...
[47.232][FINER]:    Done waiting for all views to stop loading
[47.232][FINE]:     Command finished (/session/699ec55dcd157c0368c4492a55b055d9/elements) with response {
   "sessionId": "699ec55dcd157c0368c4492a55b055d9",
   "status": 0,
   "value": [  ]
}

[47.284][FINE]:     Command received (/session/699ec55dcd157c0368c4492a55b055d9/elements) with params {
   "using": "xpath",
   "value": ".//a[./@href][(((./@id = 'delete' or contains(normalize-space(string(.)), 'delete')) or contains(..."
}

[47.284][FINER]:    Waiting for all views to stop loading...
[47.284][FINER]:    Done waiting for all views to stop loading
[47.288][FINER]:    Waiting for all views to stop loading...
[47.288][FINER]:    Done waiting for all views to stop loading
[47.288][FINE]:     Command finished (/session/699ec55dcd157c0368c4492a55b055d9/elements) with response {
   "sessionId": "699ec55dcd157c0368c4492a55b055d9",
   "status": 0,
   "value": [  ]
}

[47.342][FINE]:     Command received (/session/699ec55dcd157c0368c4492a55b055d9/elements) with params {
   "using": "xpath",
   "value": ".//a[./@href][(((./@id = 'delete' or contains(normalize-space(string(.)), 'delete')) or contains(..."
}

[47.342][FINER]:    Waiting for all views to stop loading...
[47.342][FINER]:    Done waiting for all views to stop loading
[47.350][FINER]:    Waiting for all views to stop loading...
[47.351][FINER]:    Done waiting for all views to stop loading
[47.351][FINE]:     Command finished (/session/699ec55dcd157c0368c4492a55b055d9/elements) with response {
   "sessionId": "699ec55dcd157c0368c4492a55b055d9",
   "status": 0,
   "value": [  ]
}

[47.404][FINE]:     Command received (/session/699ec55dcd157c0368c4492a55b055d9/elements) with params {
   "using": "xpath",
   "value": ".//a[./@href][(((./@id = 'delete' or contains(normalize-space(string(.)), 'delete')) or contains(..."
}

[47.404][FINER]:    Waiting for all views to stop loading...
[47.405][FINER]:    Done waiting for all views to stop loading
[47.413][FINER]:    Waiting for all views to stop loading...
[47.413][FINER]:    Done waiting for all views to stop loading
[47.413][FINE]:     Command finished (/session/699ec55dcd157c0368c4492a55b055d9/elements) with response {
   "sessionId": "699ec55dcd157c0368c4492a55b055d9",
   "status": 0,
   "value": [  ]
}

[47.467][FINE]:     Command received (/session/699ec55dcd157c0368c4492a55b055d9/elements) with params {
   "using": "xpath",
   "value": ".//a[./@href][(((./@id = 'delete' or contains(normalize-space(string(.)), 'delete')) or contains(..."
}

[47.467][FINER]:    Waiting for all views to stop loading...
[47.468][FINER]:    Done waiting for all views to stop loading
[47.476][FINER]:    Waiting for all views to stop loading...
[47.477][FINER]:    Done waiting for all views to stop loading
[47.477][FINE]:     Command finished (/session/699ec55dcd157c0368c4492a55b055d9/elements) with response {
   "sessionId": "699ec55dcd157c0368c4492a55b055d9",
   "status": 0,
   "value": [  ]
}

[47.530][FINE]:     Command received (/session/699ec55dcd157c0368c4492a55b055d9/elements) with params {
   "using": "xpath",
   "value": ".//a[./@href][(((./@id = 'delete' or contains(normalize-space(string(.)), 'delete')) or contains(..."
}

[47.530][FINER]:    Waiting for all views to stop loading...
[47.531][FINER]:    Done waiting for all views to stop loading
[47.538][FINER]:    Waiting for all views to stop loading...
[47.539][FINER]:    Done waiting for all views to stop loading
[47.539][FINE]:     Command finished (/session/699ec55dcd157c0368c4492a55b055d9/elements) with response {
   "sessionId": "699ec55dcd157c0368c4492a55b055d9",
   "status": 0,
   "value": [  ]
}

[47.540][FINE]:     Command received (/session/699ec55dcd157c0368c4492a55b055d9/cookie)
[47.540][FINER]:    Waiting for all views to stop loading...
[47.540][FINER]:    Done waiting for all views to stop loading
[47.545][FINER]:    Waiting for all views to stop loading...
[47.545][FINER]:    Done waiting for all views to stop loading
[47.545][FINE]:     Command finished (/session/699ec55dcd157c0368c4492a55b055d9/cookie) with response {
   "sessionId": "699ec55dcd157c0368c4492a55b055d9",
   "status": 0,
   "value": {

   }
}

[47.546][FINE]:     Command received (/session/699ec55dcd157c0368c4492a55b055d9/url) with params {
   "url": "about:blank"
}

[47.546][FINER]:    Waiting for all views to stop loading...
[47.547][FINER]:    Done waiting for all views to stop loading
[47.808][FINER]:    Waiting for all views to stop loading...
[47.838][FINER]:    Done waiting for all views to stop loading
[47.838][FINE]:     Command finished (/session/699ec55dcd157c0368c4492a55b055d9/url) with response {
   "sessionId": "699ec55dcd157c0368c4492a55b055d9",
   "status": 0,
   "value": {

   }
}

[47.845][FINE]:     Command received (/session/699ec55dcd157c0368c4492a55b055d9/url) with params {
   "url": "http://127.0.0.1:49810/"
}

[47.845][FINER]:    Waiting for all views to stop loading...
[47.866][FINER]:    Done waiting for all views to stop loading
[48.349][FINER]:    Waiting for all views to stop loading...
[48.352][FINER]:    Done waiting for all views to stop loading
[48.352][FINE]:     Command finished (/session/699ec55dcd157c0368c4492a55b055d9/url) with response {
   "sessionId": "699ec55dcd157c0368c4492a55b055d9",
   "status": 0,
   "value": {

   }
}

[48.353][FINE]:     Command received (/session/699ec55dcd157c0368c4492a55b055d9/url) with params {
   "url": "http://127.0.0.1:49810/#my_documents"
}

[48.353][FINER]:    Waiting for all views to stop loading...
[48.353][FINER]:    Done waiting for all views to stop loading
[48.404][FINER]:    Waiting for all views to stop loading...
[48.440][FINER]:    Done waiting for all views to stop loading
[48.440][FINE]:     Command finished (/session/699ec55dcd157c0368c4492a55b055d9/url) with response {
   "sessionId": "699ec55dcd157c0368c4492a55b055d9",
   "status": 0,
   "value": {

   }
}

[48.442][FINE]:     Command received (/session/699ec55dcd157c0368c4492a55b055d9/elements) with params {
   "using": "xpath",
   "value": "/html"
}

[48.442][FINER]:    Waiting for all views to stop loading...
[48.442][FINER]:    Done waiting for all views to stop loading
[48.461][FINER]:    Waiting for all views to stop loading...
[48.462][FINER]:    Done waiting for all views to stop loading
[48.462][FINE]:     Command finished (/session/699ec55dcd157c0368c4492a55b055d9/elements) with response {
   "sessionId": "699ec55dcd157c0368c4492a55b055d9",
   "status": 0,
   "value": [ {
      "ELEMENT": ":wdc:1365376722910"
   } ]
}

[48.463][FINE]:     Command received (/session/699ec55dcd157c0368c4492a55b055d9/element/:wdc:1365376722910/text)
[48.463][FINER]:    Waiting for all views to stop loading...
[48.463][FINER]:    Done waiting for all views to stop loading
[48.500][FINER]:    Waiting for all views to stop loading...
[48.500][FINER]:    Done waiting for all views to stop loading
[48.500][FINE]:     Command finished (/session/699ec55dcd157c0368c4492a55b055d9/element/:wdc:1365376722910/text) with response {
   "sessionId": "699ec55dcd157c0368c4492a55b055d9",
   "status": 0,
   "value": "zapp.ly\nsign up\nsign in\nProgram Manager\nLorem ipsum dolor sit amet, consectetur adipisicing elit...."
}

[48.501][FINE]:     Command received (/session/699ec55dcd157c0368c4492a55b055d9/elements) with params {
   "using": "xpath",
   "value": "/html"
}

[48.501][FINER]:    Waiting for all views to stop loading...
[48.501][FINER]:    Done waiting for all views to stop loading
[48.505][FINER]:    Waiting for all views to stop loading...
[48.506][FINER]:    Done waiting for all views to stop loading
[48.506][FINE]:     Command finished (/session/699ec55dcd157c0368c4492a55b055d9/elements) with response {
   "sessionId": "699ec55dcd157c0368c4492a55b055d9",
   "status": 0,
   "value": [ {
      "ELEMENT": ":wdc:1365376722910"
   } ]
}

[48.506][FINE]:     Command received (/session/699ec55dcd157c0368c4492a55b055d9/element/:wdc:1365376722910/text)
[48.506][FINER]:    Waiting for all views to stop loading...
[48.507][FINER]:    Done waiting for all views to stop loading
[48.543][FINER]:    Waiting for all views to stop loading...
[48.543][FINER]:    Done waiting for all views to stop loading
[48.543][FINE]:     Command finished (/session/699ec55dcd157c0368c4492a55b055d9/element/:wdc:1365376722910/text) with response {
   "sessionId": "699ec55dcd157c0368c4492a55b055d9",
   "status": 0,
   "value": "zapp.ly\nsign up\nsign in\nProgram Manager\nLorem ipsum dolor sit amet, consectetur adipisicing elit...."
}

[48.546][FINE]:     Command received (/session/699ec55dcd157c0368c4492a55b055d9/cookie)
[48.546][FINER]:    Waiting for all views to stop loading...
[48.547][FINER]:    Done waiting for all views to stop loading
[48.554][FINER]:    Waiting for all views to stop loading...
[48.554][FINER]:    Done waiting for all views to stop loading
[48.554][FINE]:     Command finished (/session/699ec55dcd157c0368c4492a55b055d9/cookie) with response {
   "sessionId": "699ec55dcd157c0368c4492a55b055d9",
   "status": 0,
   "value": {

   }
}

[48.555][FINE]:     Command received (/session/699ec55dcd157c0368c4492a55b055d9/url) with params {
   "url": "about:blank"
}

[48.555][FINER]:    Waiting for all views to stop loading...
[48.556][FINER]:    Done waiting for all views to stop loading
[48.712][FINER]:    Waiting for all views to stop loading...
[48.726][FINER]:    Done waiting for all views to stop loading
[48.726][FINE]:     Command finished (/session/699ec55dcd157c0368c4492a55b055d9/url) with response {
   "sessionId": "699ec55dcd157c0368c4492a55b055d9",
   "status": 0,
   "value": {

   }
}

[48.728][FINE]:     Command received (/session/699ec55dcd157c0368c4492a55b055d9)
[49.063][INFO]:     Chrome shutdown
